[debug] [2020-11-01T16:37:56.481Z] ----------------------------------------------------------------------
[debug] [2020-11-01T16:37:56.483Z] Command:       /usr/local/bin/node /usr/local/bin/firebase deploy --only hosting
[debug] [2020-11-01T16:37:56.484Z] CLI Version:   8.14.1
[debug] [2020-11-01T16:37:56.484Z] Platform:      darwin
[debug] [2020-11-01T16:37:56.484Z] Node Version:  v14.5.0
[debug] [2020-11-01T16:37:56.489Z] Time:          Sun Nov 01 2020 17:37:56 GMT+0100 (West Africa Standard Time)
[debug] [2020-11-01T16:37:56.490Z] ----------------------------------------------------------------------
[debug] [2020-11-01T16:37:56.490Z] 
[debug] [2020-11-01T16:37:56.501Z] > command requires scopes: ["email","openid","https://www.googleapis.com/auth/cloudplatformprojects.readonly","https://www.googleapis.com/auth/firebase","https://www.googleapis.com/auth/cloud-platform"]
[debug] [2020-11-01T16:37:56.502Z] > authorizing via signed-in user
[debug] [2020-11-01T16:37:56.502Z] [iam] checking project capsuleteamapi for permissions ["firebase.projects.get","firebasehosting.sites.update"]
[debug] [2020-11-01T16:37:56.505Z] > refreshing access token with scopes: ["email","https://www.googleapis.com/auth/cloud-platform","https://www.googleapis.com/auth/cloudplatformprojects.readonly","https://www.googleapis.com/auth/firebase","openid"]
[debug] [2020-11-01T16:37:56.506Z] >>> HTTP REQUEST POST https://www.googleapis.com/oauth2/v3/token  
 <request body omitted>
[debug] [2020-11-01T16:37:56.961Z] <<< HTTP RESPONSE 200 {"pragma":"no-cache","cache-control":"no-cache, no-store, max-age=0, must-revalidate","expires":"Mon, 01 Jan 1990 00:00:00 GMT","date":"Sun, 01 Nov 2020 16:37:56 GMT","content-type":"application/json; charset=utf-8","vary":"X-Origin, Referer, Origin,Accept-Encoding","server":"scaffolding on HTTPServer2","x-xss-protection":"0","x-frame-options":"SAMEORIGIN","x-content-type-options":"nosniff","alt-svc":"h3-Q050=\":443\"; ma=2592000,h3-29=\":443\"; ma=2592000,h3-T051=\":443\"; ma=2592000,h3-T050=\":443\"; ma=2592000,h3-Q046=\":443\"; ma=2592000,h3-Q043=\":443\"; ma=2592000,quic=\":443\"; ma=2592000; v=\"46,43\"","accept-ranges":"none","transfer-encoding":"chunked"}
[debug] [2020-11-01T16:37:56.982Z] >>> HTTP REQUEST POST https://cloudresourcemanager.googleapis.com/v1/projects/capsuleteamapi:testIamPermissions  
 {"permissions":["firebase.projects.get","firebasehosting.sites.update"]}
[debug] [2020-11-01T16:37:58.536Z] <<< HTTP RESPONSE 200 {"content-type":"application/json; charset=UTF-8","vary":"X-Origin, Referer, Origin,Accept-Encoding","date":"Sun, 01 Nov 2020 16:37:58 GMT","server":"ESF","cache-control":"private","x-xss-protection":"0","x-frame-options":"SAMEORIGIN","x-content-type-options":"nosniff","server-timing":"gfet4t7; dur=1110","alt-svc":"h3-Q050=\":443\"; ma=2592000,h3-29=\":443\"; ma=2592000,h3-T051=\":443\"; ma=2592000,h3-T050=\":443\"; ma=2592000,h3-Q046=\":443\"; ma=2592000,h3-Q043=\":443\"; ma=2592000,quic=\":443\"; ma=2592000; v=\"46,43\"","accept-ranges":"none","transfer-encoding":"chunked"}
[debug] [2020-11-01T16:37:58.539Z] >>> HTTP REQUEST GET https://firebase.googleapis.com/v1beta1/projects/capsuleteamapi  
 
[debug] [2020-11-01T16:37:59.081Z] <<< HTTP RESPONSE 200 {"content-type":"application/json; charset=UTF-8","vary":"X-Origin, Referer, Origin,Accept-Encoding","date":"Sun, 01 Nov 2020 16:37:59 GMT","server":"ESF","cache-control":"private","x-xss-protection":"0","x-frame-options":"SAMEORIGIN","x-content-type-options":"nosniff","alt-svc":"h3-Q050=\":443\"; ma=2592000,h3-29=\":443\"; ma=2592000,h3-T051=\":443\"; ma=2592000,h3-T050=\":443\"; ma=2592000,h3-Q046=\":443\"; ma=2592000,h3-Q043=\":443\"; ma=2592000,quic=\":443\"; ma=2592000; v=\"46,43\"","accept-ranges":"none","transfer-encoding":"chunked"}
[info] 
[info] === Deploying to 'capsuleteamapi'...
[info] 
[info] i  deploying hosting 
[debug] [2020-11-01T16:37:59.088Z] >>> HTTP REQUEST POST https://firebasehosting.googleapis.com/v1beta1/sites/capsuleteamapi/versions  
 {"config":{"rewrites":[{"glob":"**","path":"/index.html"}]},"labels":{"deployment-tool":"cli-firebase"}}
[debug] [2020-11-01T16:38:01.291Z] <<< HTTP RESPONSE 200 {"content-type":"application/json; charset=UTF-8","vary":"X-Origin, Referer, Origin,Accept-Encoding","date":"Sun, 01 Nov 2020 16:38:01 GMT","server":"ESF","cache-control":"private","x-xss-protection":"0","x-frame-options":"SAMEORIGIN","x-content-type-options":"nosniff","alt-svc":"h3-Q050=\":443\"; ma=2592000,h3-29=\":443\"; ma=2592000,h3-T051=\":443\"; ma=2592000,h3-T050=\":443\"; ma=2592000,h3-Q046=\":443\"; ma=2592000,h3-Q043=\":443\"; ma=2592000,quic=\":443\"; ma=2592000; v=\"46,43\"","accept-ranges":"none","transfer-encoding":"chunked"}
[info] i  hosting[capsuleteamapi]: beginning deploy... 
[info] i  hosting[capsuleteamapi]: found 38 files in dist 
[debug] [2020-11-01T16:38:01.996Z] [hosting] hash cache [ZGlzdA] stored for 38 files
[debug] [2020-11-01T16:38:01.996Z] [hosting][hash queue][FINAL] {"max":652,"min":23,"avg":43.76315789473684,"active":0,"complete":38,"success":38,"errored":0,"retried":0,"total":38,"elapsed":684}
[debug] [2020-11-01T16:38:01.997Z] >>> HTTP REQUEST POST https://firebasehosting.googleapis.com/v1beta1/sites/capsuleteamapi/versions/b7f41c3984342e53:populateFiles  
 <request body omitted>
[debug] [2020-11-01T16:38:03.954Z] <<< HTTP RESPONSE 200 {"content-type":"application/json; charset=UTF-8","vary":"X-Origin, Referer, Origin,Accept-Encoding","date":"Sun, 01 Nov 2020 16:38:03 GMT","server":"ESF","cache-control":"private","x-xss-protection":"0","x-frame-options":"SAMEORIGIN","x-content-type-options":"nosniff","alt-svc":"h3-Q050=\":443\"; ma=2592000,h3-29=\":443\"; ma=2592000,h3-T051=\":443\"; ma=2592000,h3-T050=\":443\"; ma=2592000,h3-Q046=\":443\"; ma=2592000,h3-Q043=\":443\"; ma=2592000,quic=\":443\"; ma=2592000; v=\"46,43\"","accept-ranges":"none","transfer-encoding":"chunked"}
[debug] [2020-11-01T16:38:03.963Z] [hosting][populate queue][FINAL] {"max":1979,"min":1979,"avg":1979,"active":0,"complete":1,"success":1,"errored":0,"retried":0,"total":1,"elapsed":1986}
[debug] [2020-11-01T16:38:03.963Z] [hosting] uploads queued: 11
[debug] [2020-11-01T16:38:07.231Z] [hosting][upload queue][FINAL] {"max":3275,"min":2149,"avg":2474.818181818182,"active":0,"complete":11,"success":11,"errored":0,"retried":0,"total":11,"elapsed":3276}
[info] ✔  hosting[capsuleteamapi]: file upload complete 
[debug] [2020-11-01T16:38:07.232Z] [hosting] deploy completed after 5939ms
[debug] [2020-11-01T16:38:07.610Z] [
  {
    "config": {
      "public": "dist",
      "ignore": [
        "firebase.json",
        "**/.*",
        "**/node_modules/**"
      ],
      "rewrites": [
        {
          "source": "**",
          "destination": "/index.html"
        }
      ],
      "site": "capsuleteamapi"
    },
    "site": "capsuleteamapi",
    "version": "sites/capsuleteamapi/versions/b7f41c3984342e53"
  }
]
[info] i  hosting[capsuleteamapi]: finalizing version... 
[debug] [2020-11-01T16:38:07.611Z] >>> HTTP REQUEST PATCH https://firebasehosting.googleapis.com/v1beta1/sites/capsuleteamapi/versions/b7f41c3984342e53?updateMask=status  
 {"status":"FINALIZED"}
[debug] [2020-11-01T16:38:09.489Z] <<< HTTP RESPONSE 200 {"content-type":"application/json; charset=UTF-8","vary":"X-Origin, Referer, Origin,Accept-Encoding","date":"Sun, 01 Nov 2020 16:38:09 GMT","server":"ESF","cache-control":"private","x-xss-protection":"0","x-frame-options":"SAMEORIGIN","x-content-type-options":"nosniff","alt-svc":"h3-Q050=\":443\"; ma=2592000,h3-29=\":443\"; ma=2592000,h3-T051=\":443\"; ma=2592000,h3-T050=\":443\"; ma=2592000,h3-Q046=\":443\"; ma=2592000,h3-Q043=\":443\"; ma=2592000,quic=\":443\"; ma=2592000; v=\"46,43\"","accept-ranges":"none","transfer-encoding":"chunked"}
[debug] [2020-11-01T16:38:09.490Z] [hosting] finalized version for capsuleteamapi: {"name":"sites/capsuleteamapi/versions/b7f41c3984342e53","status":"FINALIZED","config":{"rewrites":[{"glob":"**","path":"/index.html"}]},"labels":{"deployment-tool":"cli-firebase"},"createTime":"2020-11-01T16:38:00.531025Z","createUser":{"email":"callisezenwaka@gmail.com"},"finalizeTime":"2020-11-01T16:38:09.193030Z","finalizeUser":{"email":"callisezenwaka@gmail.com"}}
[info] ✔  hosting[capsuleteamapi]: version finalized 
[info] i  hosting[capsuleteamapi]: releasing new version... 
[debug] [2020-11-01T16:38:09.491Z] >>> HTTP REQUEST POST https://firebasehosting.googleapis.com/v1beta1/sites/capsuleteamapi/releases?version_name=sites/capsuleteamapi/versions/b7f41c3984342e53  
 {"message":null}
